[debug] [2020-08-12T10:17:12.671Z] ----------------------------------------------------------------------
[debug] [2020-08-12T10:17:12.674Z] Command:       C:\Program Files\nodejs\node.exe C:\Users\Andrew\AppData\Roaming\npm\node_modules\firebase-tools\lib\bin\firebase.js emulators:start
[debug] [2020-08-12T10:17:12.674Z] CLI Version:   8.7.0
[debug] [2020-08-12T10:17:12.674Z] Platform:      win32
[debug] [2020-08-12T10:17:12.674Z] Node Version:  v14.4.0
[debug] [2020-08-12T10:17:12.676Z] Time:          Wed Aug 12 2020 13:17:12 GMT+0300 (Восточная Европа, летнее время)
[debug] [2020-08-12T10:17:12.676Z] ----------------------------------------------------------------------
[debug] [2020-08-12T10:17:12.676Z] 
[debug] [2020-08-12T10:17:12.698Z] > command requires scopes: ["email","openid","https://www.googleapis.com/auth/cloudplatformprojects.readonly","https://www.googleapis.com/auth/firebase","https://www.googleapis.com/auth/cloud-platform"]
[debug] [2020-08-12T10:17:12.699Z] > authorizing via signed-in user
[info] i  emulators: Starting emulators: functions, hosting {"metadata":{"emulator":{"name":"hub"},"message":"Starting emulators: functions, hosting"}}
[warn] !  emulators: It seems that you are running multiple instances of the emulator suite for project react-quizee-4fa1c. This may result in unexpected behavior. 
[debug] [2020-08-12T10:17:14.906Z] [hub] writing locator at C:\Users\Andrew\AppData\Local\Temp\hub-react-quizee-4fa1c.json
[debug] [2020-08-12T10:17:16.961Z] defaultcredentials: writing to file C:\Users\Andrew\AppData\Roaming\firebase\redstoniska_minecraft_gmail.com_application_default_credentials.json
[debug] [2020-08-12T10:17:16.962Z] Setting GAC to C:\Users\Andrew\AppData\Roaming\firebase\redstoniska_minecraft_gmail.com_application_default_credentials.json {"metadata":{"emulator":{"name":"functions"},"message":"Setting GAC to C:\\Users\\Andrew\\AppData\\Roaming\\firebase\\redstoniska_minecraft_gmail.com_application_default_credentials.json"}}
[warn] !  functions: The following emulators are not running, calls to these services from the Functions emulator will affect production: firestore, database, pubsub {"metadata":{"emulator":{"name":"functions"},"message":"The following emulators are not running, calls to these services from the Functions emulator will affect production: \u001b[1mfirestore, database, pubsub\u001b[22m"}}
[warn] !  Your requested "node" version "10" doesn't match your global version "14" {"metadata":{"emulator":{"name":"functions"},"message":"Your requested \"node\" version \"10\" doesn't match your global version \"14\""}}
[debug] [2020-08-12T10:17:18.996Z] > refreshing access token with scopes: ["email","https://www.googleapis.com/auth/cloud-platform","https://www.googleapis.com/auth/cloudplatformprojects.readonly","https://www.googleapis.com/auth/firebase","openid"]
[debug] [2020-08-12T10:17:18.996Z] >>> HTTP REQUEST POST https://www.googleapis.com/oauth2/v3/token  
 <request body omitted>
[debug] [2020-08-12T10:17:19.164Z] <<< HTTP RESPONSE 200 {"content-type":"application/json; charset=utf-8","vary":"X-Origin, Referer, Origin,Accept-Encoding","date":"Wed, 12 Aug 2020 10:17:21 GMT","server":"scaffolding on HTTPServer2","cache-control":"private","x-xss-protection":"0","x-frame-options":"SAMEORIGIN","x-content-type-options":"nosniff","alt-svc":"h3-29=\":443\"; ma=2592000,h3-27=\":443\"; ma=2592000,h3-T050=\":443\"; ma=2592000,h3-Q050=\":443\"; ma=2592000,h3-Q046=\":443\"; ma=2592000,h3-Q043=\":443\"; ma=2592000,quic=\":443\"; ma=2592000; v=\"46,43\"","accept-ranges":"none","transfer-encoding":"chunked"}
[debug] [2020-08-12T10:17:19.169Z] >>> HTTP REQUEST GET https://firebase.googleapis.com/v1beta1/projects/react-quizee-4fa1c/webApps/-/config  
 
[debug] [2020-08-12T10:17:20.141Z] <<< HTTP RESPONSE 200 {"content-type":"application/json; charset=UTF-8","vary":"X-Origin, Referer, Origin,Accept-Encoding","date":"Wed, 12 Aug 2020 10:17:22 GMT","server":"ESF","cache-control":"private","x-xss-protection":"0","x-frame-options":"SAMEORIGIN","x-content-type-options":"nosniff","alt-svc":"h3-29=\":443\"; ma=2592000,h3-27=\":443\"; ma=2592000,h3-T050=\":443\"; ma=2592000,h3-Q050=\":443\"; ma=2592000,h3-Q046=\":443\"; ma=2592000,h3-Q043=\":443\"; ma=2592000,quic=\":443\"; ma=2592000; v=\"46,43\"","accept-ranges":"none","transfer-encoding":"chunked"}
[info] i  hosting: Serving hosting files from: build {"metadata":{"emulator":{"name":"hosting"},"message":"Serving hosting files from: \u001b[1mbuild\u001b[22m"}}
[info] +  hosting: Local server: http://localhost:5000 {"metadata":{"emulator":{"name":"hosting"},"message":"Local server: \u001b[4m\u001b[1mhttp://localhost:5000\u001b[22m\u001b[24m"}}
[debug] [2020-08-12T10:17:24.282Z] Ignoring unsupported arg: auto_download {"metadata":{"emulator":{"name":"ui"},"message":"Ignoring unsupported arg: auto_download"}}
[debug] [2020-08-12T10:17:24.282Z] Ignoring unsupported arg: port {"metadata":{"emulator":{"name":"ui"},"message":"Ignoring unsupported arg: port"}}
[debug] [2020-08-12T10:17:24.282Z] Starting Emulator UI with command {"binary":"node","args":["C:\\Users\\Andrew\\.cache\\firebase\\emulators\\ui-v1.1.1\\server.bundle.js"],"optionalArgs":[],"joinArgs":false} {"metadata":{"emulator":{"name":"ui"},"message":"Starting Emulator UI with command {\"binary\":\"node\",\"args\":[\"C:\\\\Users\\\\Andrew\\\\.cache\\\\firebase\\\\emulators\\\\ui-v1.1.1\\\\server.bundle.js\"],\"optionalArgs\":[],\"joinArgs\":false}"}}
[info] i  ui: Emulator UI logging to ui-debug.log {"metadata":{"emulator":{"name":"ui"},"message":"Emulator UI logging to \u001b[1mui-debug.log\u001b[22m"}}
[debug] [2020-08-12T10:17:24.406Z] Web / API server started at http://localhost:4000
 {"metadata":{"emulator":{"name":"ui"},"message":"Web / API server started at http://localhost:4000\n"}}
[info] i  functions: Watching "C:\Users\Andrew\Documents\Js_Practice\react-quizee\functions" for Cloud Functions... {"metadata":{"emulator":{"name":"functions"},"message":"Watching \"C:\\Users\\Andrew\\Documents\\Js_Practice\\react-quizee\\functions\" for Cloud Functions..."}}
[debug] [2020-08-12T10:17:24.818Z] [worker-pool] addWorker(~diagnostic~) {"metadata":{"emulator":{"name":"functions"},"message":"[worker-pool] addWorker(~diagnostic~)"}}
[debug] [2020-08-12T10:17:24.819Z] [worker-pool] Adding worker with key ~diagnostic~, total=1 {"metadata":{"emulator":{"name":"functions"},"message":"[worker-pool] Adding worker with key ~diagnostic~, total=1"}}
[debug] [2020-08-12T10:17:24.819Z] [worker-pool] submitWork(triggerId=) {"metadata":{"emulator":{"name":"functions"},"message":"[worker-pool] submitWork(triggerId=)"}}
[debug] [2020-08-12T10:17:24.819Z] [worker-~diagnostic~-b1969cad-1e06-4351-969c-8293823b9b87]: Assigning socketPath: \\?\pipe\C:\Users\Andrew\Documents\Js_Practice\react-quizee\functions\6488 {"metadata":{"emulator":{"name":"functions"},"message":"[worker-~diagnostic~-b1969cad-1e06-4351-969c-8293823b9b87]: Assigning socketPath: \\\\?\\pipe\\C:\\Users\\Andrew\\Documents\\Js_Practice\\react-quizee\\functions\\6488"}}
[debug] [2020-08-12T10:17:24.820Z] [worker-~diagnostic~-b1969cad-1e06-4351-969c-8293823b9b87]: BUSY {"metadata":{"emulator":{"name":"functions"},"message":"[worker-~diagnostic~-b1969cad-1e06-4351-969c-8293823b9b87]: BUSY"}}
[debug] [2020-08-12T10:17:25.282Z] [runtime-status] [6488] Functions runtime initialized. {"cwd":"C:\\Users\\Andrew\\Documents\\Js_Practice\\react-quizee\\functions","node_version":"14.4.0"} {"metadata":{"emulator":{"name":"functions"},"message":"[runtime-status] [6488] Functions runtime initialized. {\"cwd\":\"C:\\\\Users\\\\Andrew\\\\Documents\\\\Js_Practice\\\\react-quizee\\\\functions\",\"node_version\":\"14.4.0\"}"}}
[debug] [2020-08-12T10:17:25.283Z] [runtime-status] [6488] Disabled runtime features: undefined {"metadata":{"emulator":{"name":"functions"},"message":"[runtime-status] [6488] Disabled runtime features: undefined"}}
[debug] [2020-08-12T10:17:25.294Z] [runtime-status] [6488] Resolved module firebase-admin {"declared":true,"installed":true,"version":"8.13.0","resolution":"C:\\Users\\Andrew\\Documents\\Js_Practice\\react-quizee\\functions\\node_modules\\firebase-admin\\lib\\index.js"} {"metadata":{"emulator":{"name":"functions"},"message":"[runtime-status] [6488] Resolved module firebase-admin {\"declared\":true,\"installed\":true,\"version\":\"8.13.0\",\"resolution\":\"C:\\\\Users\\\\Andrew\\\\Documents\\\\Js_Practice\\\\react-quizee\\\\functions\\\\node_modules\\\\firebase-admin\\\\lib\\\\index.js\"}"}}
[debug] [2020-08-12T10:17:25.297Z] [runtime-status] [6488] Resolved module firebase-functions {"declared":true,"installed":true,"version":"3.9.0","resolution":"C:\\Users\\Andrew\\Documents\\Js_Practice\\react-quizee\\functions\\node_modules\\firebase-functions\\lib\\index.js"} {"metadata":{"emulator":{"name":"functions"},"message":"[runtime-status] [6488] Resolved module firebase-functions {\"declared\":true,\"installed\":true,\"version\":\"3.9.0\",\"resolution\":\"C:\\\\Users\\\\Andrew\\\\Documents\\\\Js_Practice\\\\react-quizee\\\\functions\\\\node_modules\\\\firebase-functions\\\\lib\\\\index.js\"}"}}
[debug] [2020-08-12T10:17:25.299Z] [runtime-status] [6488] Resolved module firebase-functions {"declared":true,"installed":true,"version":"3.9.0","resolution":"C:\\Users\\Andrew\\Documents\\Js_Practice\\react-quizee\\functions\\node_modules\\firebase-functions\\lib\\index.js"} {"metadata":{"emulator":{"name":"functions"},"message":"[runtime-status] [6488] Resolved module firebase-functions {\"declared\":true,\"installed\":true,\"version\":\"3.9.0\",\"resolution\":\"C:\\\\Users\\\\Andrew\\\\Documents\\\\Js_Practice\\\\react-quizee\\\\functions\\\\node_modules\\\\firebase-functions\\\\lib\\\\index.js\"}"}}
[debug] [2020-08-12T10:17:25.300Z] [runtime-status] [6488] Outgoing network have been stubbed. [{"name":"http","status":"mocked"},{"name":"http","status":"mocked"},{"name":"https","status":"mocked"},{"name":"https","status":"mocked"},{"name":"net","status":"mocked"}] {"metadata":{"emulator":{"name":"functions"},"message":"[runtime-status] [6488] Outgoing network have been stubbed. [{\"name\":\"http\",\"status\":\"mocked\"},{\"name\":\"http\",\"status\":\"mocked\"},{\"name\":\"https\",\"status\":\"mocked\"},{\"name\":\"https\",\"status\":\"mocked\"},{\"name\":\"net\",\"status\":\"mocked\"}]"}}
[debug] [2020-08-12T10:17:25.301Z] [runtime-status] [6488] Resolved module firebase-functions {"declared":true,"installed":true,"version":"3.9.0","resolution":"C:\\Users\\Andrew\\Documents\\Js_Practice\\react-quizee\\functions\\node_modules\\firebase-functions\\lib\\index.js"} {"metadata":{"emulator":{"name":"functions"},"message":"[runtime-status] [6488] Resolved module firebase-functions {\"declared\":true,\"installed\":true,\"version\":\"3.9.0\",\"resolution\":\"C:\\\\Users\\\\Andrew\\\\Documents\\\\Js_Practice\\\\react-quizee\\\\functions\\\\node_modules\\\\firebase-functions\\\\lib\\\\index.js\"}"}}
[debug] [2020-08-12T10:17:25.400Z] [runtime-status] [6488] Checked functions.config() {"config":{}} {"metadata":{"emulator":{"name":"functions"},"message":"[runtime-status] [6488] Checked functions.config() {\"config\":{}}"}}
[debug] [2020-08-12T10:17:25.400Z] [runtime-status] [6488] firebase-functions has been stubbed. {"functionsResolution":{"declared":true,"installed":true,"version":"3.9.0","resolution":"C:\\Users\\Andrew\\Documents\\Js_Practice\\react-quizee\\functions\\node_modules\\firebase-functions\\lib\\index.js"}} {"metadata":{"emulator":{"name":"functions"},"message":"[runtime-status] [6488] firebase-functions has been stubbed. {\"functionsResolution\":{\"declared\":true,\"installed\":true,\"version\":\"3.9.0\",\"resolution\":\"C:\\\\Users\\\\Andrew\\\\Documents\\\\Js_Practice\\\\react-quizee\\\\functions\\\\node_modules\\\\firebase-functions\\\\lib\\\\index.js\"}}"}}
[debug] [2020-08-12T10:17:25.401Z] [runtime-status] [6488] Resolved module firebase-functions {"declared":true,"installed":true,"version":"3.9.0","resolution":"C:\\Users\\Andrew\\Documents\\Js_Practice\\react-quizee\\functions\\node_modules\\firebase-functions\\lib\\index.js"} {"metadata":{"emulator":{"name":"functions"},"message":"[runtime-status] [6488] Resolved module firebase-functions {\"declared\":true,\"installed\":true,\"version\":\"3.9.0\",\"resolution\":\"C:\\\\Users\\\\Andrew\\\\Documents\\\\Js_Practice\\\\react-quizee\\\\functions\\\\node_modules\\\\firebase-functions\\\\lib\\\\index.js\"}"}}
[debug] [2020-08-12T10:17:25.402Z] [runtime-status] [6488] Resolved module firebase-admin {"declared":true,"installed":true,"version":"8.13.0","resolution":"C:\\Users\\Andrew\\Documents\\Js_Practice\\react-quizee\\functions\\node_modules\\firebase-admin\\lib\\index.js"} {"metadata":{"emulator":{"name":"functions"},"message":"[runtime-status] [6488] Resolved module firebase-admin {\"declared\":true,\"installed\":true,\"version\":\"8.13.0\",\"resolution\":\"C:\\\\Users\\\\Andrew\\\\Documents\\\\Js_Practice\\\\react-quizee\\\\functions\\\\node_modules\\\\firebase-admin\\\\lib\\\\index.js\"}"}}
[debug] [2020-08-12T10:17:25.403Z] [runtime-status] [6488] Resolved module firebase-functions {"declared":true,"installed":true,"version":"3.9.0","resolution":"C:\\Users\\Andrew\\Documents\\Js_Practice\\react-quizee\\functions\\node_modules\\firebase-functions\\lib\\index.js"} {"metadata":{"emulator":{"name":"functions"},"message":"[runtime-status] [6488] Resolved module firebase-functions {\"declared\":true,\"installed\":true,\"version\":\"3.9.0\",\"resolution\":\"C:\\\\Users\\\\Andrew\\\\Documents\\\\Js_Practice\\\\react-quizee\\\\functions\\\\node_modules\\\\firebase-functions\\\\lib\\\\index.js\"}"}}
[debug] [2020-08-12T10:17:25.403Z] [runtime-status] [6488] firebase-admin has been stubbed. {"adminResolution":{"declared":true,"installed":true,"version":"8.13.0","resolution":"C:\\Users\\Andrew\\Documents\\Js_Practice\\react-quizee\\functions\\node_modules\\firebase-admin\\lib\\index.js"}} {"metadata":{"emulator":{"name":"functions"},"message":"[runtime-status] [6488] firebase-admin has been stubbed. {\"adminResolution\":{\"declared\":true,\"installed\":true,\"version\":\"8.13.0\",\"resolution\":\"C:\\\\Users\\\\Andrew\\\\Documents\\\\Js_Practice\\\\react-quizee\\\\functions\\\\node_modules\\\\firebase-admin\\\\lib\\\\index.js\"}}"}}
[debug] [2020-08-12T10:17:25.406Z] [runtime-status] [6488] initializeApp(DEFAULT) {"databaseURL":"https://react-quizee-4fa1c.firebaseio.com","storageBucket":"react-quizee-4fa1c.appspot.com","projectId":"react-quizee-4fa1c"} {"metadata":{"emulator":{"name":"functions"},"message":"[runtime-status] [6488] initializeApp(DEFAULT) {\"databaseURL\":\"https://react-quizee-4fa1c.firebaseio.com\",\"storageBucket\":\"react-quizee-4fa1c.appspot.com\",\"projectId\":\"react-quizee-4fa1c\"}"}}
[info] +  functions[checkAnswers]: http function initialized (http://localhost:5001/react-quizee-4fa1c/us-central1/checkAnswers). {"metadata":{"emulator":{"name":"functions"},"message":"\u001b[1mhttp\u001b[22m function initialized (http://localhost:5001/react-quizee-4fa1c/us-central1/checkAnswers)."}}
[info] 
┌───────────────────────────────────────────────────────────────────────┐
│ ✔  All emulators ready! View status and logs at http://localhost:4000 │
└───────────────────────────────────────────────────────────────────────┘

┌───────────┬────────────────┬─────────────────────────────────┐
│ Emulator  │ Host:Port      │ View in Emulator UI             │
├───────────┼────────────────┼─────────────────────────────────┤
│ Functions │ localhost:5001 │ http://localhost:4000/functions │
├───────────┼────────────────┼─────────────────────────────────┤
│ Hosting   │ localhost:5000 │ n/a                             │
└───────────┴────────────────┴─────────────────────────────────┘
  Other reserved ports: 4400, 4500

Issues? Report them at https://github.com/firebase/firebase-tools/issues and attach the *-debug.log files.
 
[debug] [2020-08-12T10:17:25.437Z] [worker-~diagnostic~-b1969cad-1e06-4351-969c-8293823b9b87]: IDLE {"metadata":{"emulator":{"name":"functions"},"message":"[worker-~diagnostic~-b1969cad-1e06-4351-969c-8293823b9b87]: IDLE"}}
[debug] [2020-08-12T10:18:55.256Z] [work-queue] {"queueLength":1,"workRunningCount":0}
[debug] [2020-08-12T10:18:55.256Z] [work-queue] {"queueLength":0,"workRunningCount":1}
[debug] [2020-08-12T10:18:55.256Z] Accepted request GET /react-quizee-4fa1c/us-central1/checkAnswers?data={%22quizeeId%22:%22-MDtfxU-wQUeZwmD-A2K%22,%22answers%22:[%22Library%22,%22useEffect%22,[%22You%20must%20include%20React%20in%20every%20component%22,%22You%20must%20return%20at%20most%20one%20element%20from%20React%20component%22]]} --> checkAnswers
[debug] [2020-08-12T10:18:55.267Z] [worker-pool] addWorker(checkAnswers) {"metadata":{"emulator":{"name":"functions"},"message":"[worker-pool] addWorker(checkAnswers)"}}
[debug] [2020-08-12T10:18:55.267Z] [worker-pool] Adding worker with key checkAnswers, total=1 {"metadata":{"emulator":{"name":"functions"},"message":"[worker-pool] Adding worker with key checkAnswers, total=1"}}
[debug] [2020-08-12T10:18:55.267Z] [worker-pool] submitWork(triggerId=checkAnswers) {"metadata":{"emulator":{"name":"functions"},"message":"[worker-pool] submitWork(triggerId=checkAnswers)"}}
[debug] [2020-08-12T10:18:55.267Z] [worker-checkAnswers-23595a62-9a77-49c1-9631-678b9f6cdfde]: Assigning socketPath: \\?\pipe\C:\Users\Andrew\Documents\Js_Practice\react-quizee\functions\1880 {"metadata":{"emulator":{"name":"functions"},"message":"[worker-checkAnswers-23595a62-9a77-49c1-9631-678b9f6cdfde]: Assigning socketPath: \\\\?\\pipe\\C:\\Users\\Andrew\\Documents\\Js_Practice\\react-quizee\\functions\\1880"}}
[debug] [2020-08-12T10:18:55.267Z] [worker-checkAnswers-23595a62-9a77-49c1-9631-678b9f6cdfde]: BUSY {"metadata":{"emulator":{"name":"functions"},"message":"[worker-checkAnswers-23595a62-9a77-49c1-9631-678b9f6cdfde]: BUSY"}}
[debug] [2020-08-12T10:18:55.731Z] [runtime-status] [1880] Functions runtime initialized. {"cwd":"C:\\Users\\Andrew\\Documents\\Js_Practice\\react-quizee\\functions","node_version":"14.4.0"} {"metadata":{"emulator":{"name":"functions"},"function":{"name":"checkAnswers"},"message":"[runtime-status] [1880] Functions runtime initialized. {\"cwd\":\"C:\\\\Users\\\\Andrew\\\\Documents\\\\Js_Practice\\\\react-quizee\\\\functions\",\"node_version\":\"14.4.0\"}"}}
[debug] [2020-08-12T10:18:55.733Z] [runtime-status] [1880] Disabled runtime features: undefined {"metadata":{"emulator":{"name":"functions"},"function":{"name":"checkAnswers"},"message":"[runtime-status] [1880] Disabled runtime features: undefined"}}
[debug] [2020-08-12T10:18:55.736Z] [runtime-status] [1880] Resolved module firebase-admin {"declared":true,"installed":true,"version":"8.13.0","resolution":"C:\\Users\\Andrew\\Documents\\Js_Practice\\react-quizee\\functions\\node_modules\\firebase-admin\\lib\\index.js"} {"metadata":{"emulator":{"name":"functions"},"function":{"name":"checkAnswers"},"message":"[runtime-status] [1880] Resolved module firebase-admin {\"declared\":true,\"installed\":true,\"version\":\"8.13.0\",\"resolution\":\"C:\\\\Users\\\\Andrew\\\\Documents\\\\Js_Practice\\\\react-quizee\\\\functions\\\\node_modules\\\\firebase-admin\\\\lib\\\\index.js\"}"}}
[debug] [2020-08-12T10:18:55.738Z] [runtime-status] [1880] Resolved module firebase-functions {"declared":true,"installed":true,"version":"3.9.0","resolution":"C:\\Users\\Andrew\\Documents\\Js_Practice\\react-quizee\\functions\\node_modules\\firebase-functions\\lib\\index.js"} {"metadata":{"emulator":{"name":"functions"},"function":{"name":"checkAnswers"},"message":"[runtime-status] [1880] Resolved module firebase-functions {\"declared\":true,\"installed\":true,\"version\":\"3.9.0\",\"resolution\":\"C:\\\\Users\\\\Andrew\\\\Documents\\\\Js_Practice\\\\react-quizee\\\\functions\\\\node_modules\\\\firebase-functions\\\\lib\\\\index.js\"}"}}
[debug] [2020-08-12T10:18:55.740Z] [runtime-status] [1880] Resolved module firebase-functions {"declared":true,"installed":true,"version":"3.9.0","resolution":"C:\\Users\\Andrew\\Documents\\Js_Practice\\react-quizee\\functions\\node_modules\\firebase-functions\\lib\\index.js"} {"metadata":{"emulator":{"name":"functions"},"function":{"name":"checkAnswers"},"message":"[runtime-status] [1880] Resolved module firebase-functions {\"declared\":true,\"installed\":true,\"version\":\"3.9.0\",\"resolution\":\"C:\\\\Users\\\\Andrew\\\\Documents\\\\Js_Practice\\\\react-quizee\\\\functions\\\\node_modules\\\\firebase-functions\\\\lib\\\\index.js\"}"}}
[debug] [2020-08-12T10:18:55.742Z] [runtime-status] [1880] Outgoing network have been stubbed. [{"name":"http","status":"mocked"},{"name":"http","status":"mocked"},{"name":"https","status":"mocked"},{"name":"https","status":"mocked"},{"name":"net","status":"mocked"}] {"metadata":{"emulator":{"name":"functions"},"function":{"name":"checkAnswers"},"message":"[runtime-status] [1880] Outgoing network have been stubbed. [{\"name\":\"http\",\"status\":\"mocked\"},{\"name\":\"http\",\"status\":\"mocked\"},{\"name\":\"https\",\"status\":\"mocked\"},{\"name\":\"https\",\"status\":\"mocked\"},{\"name\":\"net\",\"status\":\"mocked\"}]"}}
[debug] [2020-08-12T10:18:55.742Z] [runtime-status] [1880] Resolved module firebase-functions {"declared":true,"installed":true,"version":"3.9.0","resolution":"C:\\Users\\Andrew\\Documents\\Js_Practice\\react-quizee\\functions\\node_modules\\firebase-functions\\lib\\index.js"} {"metadata":{"emulator":{"name":"functions"},"function":{"name":"checkAnswers"},"message":"[runtime-status] [1880] Resolved module firebase-functions {\"declared\":true,\"installed\":true,\"version\":\"3.9.0\",\"resolution\":\"C:\\\\Users\\\\Andrew\\\\Documents\\\\Js_Practice\\\\react-quizee\\\\functions\\\\node_modules\\\\firebase-functions\\\\lib\\\\index.js\"}"}}
[debug] [2020-08-12T10:18:55.793Z] [runtime-status] [1880] Checked functions.config() {"config":{}} {"metadata":{"emulator":{"name":"functions"},"function":{"name":"checkAnswers"},"message":"[runtime-status] [1880] Checked functions.config() {\"config\":{}}"}}
[debug] [2020-08-12T10:18:55.793Z] [runtime-status] [1880] firebase-functions has been stubbed. {"functionsResolution":{"declared":true,"installed":true,"version":"3.9.0","resolution":"C:\\Users\\Andrew\\Documents\\Js_Practice\\react-quizee\\functions\\node_modules\\firebase-functions\\lib\\index.js"}} {"metadata":{"emulator":{"name":"functions"},"function":{"name":"checkAnswers"},"message":"[runtime-status] [1880] firebase-functions has been stubbed. {\"functionsResolution\":{\"declared\":true,\"installed\":true,\"version\":\"3.9.0\",\"resolution\":\"C:\\\\Users\\\\Andrew\\\\Documents\\\\Js_Practice\\\\react-quizee\\\\functions\\\\node_modules\\\\firebase-functions\\\\lib\\\\index.js\"}}"}}
[debug] [2020-08-12T10:18:55.794Z] [runtime-status] [1880] Resolved module firebase-functions {"declared":true,"installed":true,"version":"3.9.0","resolution":"C:\\Users\\Andrew\\Documents\\Js_Practice\\react-quizee\\functions\\node_modules\\firebase-functions\\lib\\index.js"} {"metadata":{"emulator":{"name":"functions"},"function":{"name":"checkAnswers"},"message":"[runtime-status] [1880] Resolved module firebase-functions {\"declared\":true,\"installed\":true,\"version\":\"3.9.0\",\"resolution\":\"C:\\\\Users\\\\Andrew\\\\Documents\\\\Js_Practice\\\\react-quizee\\\\functions\\\\node_modules\\\\firebase-functions\\\\lib\\\\index.js\"}"}}
[debug] [2020-08-12T10:18:55.795Z] [runtime-status] [1880] Resolved module firebase-admin {"declared":true,"installed":true,"version":"8.13.0","resolution":"C:\\Users\\Andrew\\Documents\\Js_Practice\\react-quizee\\functions\\node_modules\\firebase-admin\\lib\\index.js"} {"metadata":{"emulator":{"name":"functions"},"function":{"name":"checkAnswers"},"message":"[runtime-status] [1880] Resolved module firebase-admin {\"declared\":true,\"installed\":true,\"version\":\"8.13.0\",\"resolution\":\"C:\\\\Users\\\\Andrew\\\\Documents\\\\Js_Practice\\\\react-quizee\\\\functions\\\\node_modules\\\\firebase-admin\\\\lib\\\\index.js\"}"}}
[debug] [2020-08-12T10:18:55.796Z] [runtime-status] [1880] Resolved module firebase-functions {"declared":true,"installed":true,"version":"3.9.0","resolution":"C:\\Users\\Andrew\\Documents\\Js_Practice\\react-quizee\\functions\\node_modules\\firebase-functions\\lib\\index.js"} {"metadata":{"emulator":{"name":"functions"},"function":{"name":"checkAnswers"},"message":"[runtime-status] [1880] Resolved module firebase-functions {\"declared\":true,\"installed\":true,\"version\":\"3.9.0\",\"resolution\":\"C:\\\\Users\\\\Andrew\\\\Documents\\\\Js_Practice\\\\react-quizee\\\\functions\\\\node_modules\\\\firebase-functions\\\\lib\\\\index.js\"}"}}
[debug] [2020-08-12T10:18:55.796Z] [runtime-status] [1880] firebase-admin has been stubbed. {"adminResolution":{"declared":true,"installed":true,"version":"8.13.0","resolution":"C:\\Users\\Andrew\\Documents\\Js_Practice\\react-quizee\\functions\\node_modules\\firebase-admin\\lib\\index.js"}} {"metadata":{"emulator":{"name":"functions"},"function":{"name":"checkAnswers"},"message":"[runtime-status] [1880] firebase-admin has been stubbed. {\"adminResolution\":{\"declared\":true,\"installed\":true,\"version\":\"8.13.0\",\"resolution\":\"C:\\\\Users\\\\Andrew\\\\Documents\\\\Js_Practice\\\\react-quizee\\\\functions\\\\node_modules\\\\firebase-admin\\\\lib\\\\index.js\"}}"}}
[debug] [2020-08-12T10:18:55.798Z] [runtime-status] [1880] initializeApp(DEFAULT) {"databaseURL":"https://react-quizee-4fa1c.firebaseio.com","storageBucket":"react-quizee-4fa1c.appspot.com","projectId":"react-quizee-4fa1c"} {"metadata":{"emulator":{"name":"functions"},"function":{"name":"checkAnswers"},"message":"[runtime-status] [1880] initializeApp(DEFAULT) {\"databaseURL\":\"https://react-quizee-4fa1c.firebaseio.com\",\"storageBucket\":\"react-quizee-4fa1c.appspot.com\",\"projectId\":\"react-quizee-4fa1c\"}"}}
[debug] [2020-08-12T10:18:55.800Z] [runtime-status] [1880] Trigger "checkAnswers" has been found, beginning invocation! {"metadata":{"emulator":{"name":"functions"},"function":{"name":"checkAnswers"},"message":"[runtime-status] [1880] Trigger \"checkAnswers\" has been found, beginning invocation!"}}
[info] i  functions: Beginning execution of "checkAnswers" {"metadata":{"emulator":{"name":"functions"},"function":{"name":"checkAnswers"},"message":"Beginning execution of \"checkAnswers\""}}
[debug] [2020-08-12T10:18:55.801Z] [runtime-status] [1880] triggerDefinition {"httpsTrigger":{},"name":"checkAnswers","entryPoint":"checkAnswers"} {"metadata":{"emulator":{"name":"functions"},"function":{"name":"checkAnswers"},"message":"[runtime-status] [1880] triggerDefinition {\"httpsTrigger\":{},\"name\":\"checkAnswers\",\"entryPoint\":\"checkAnswers\"}"}}
[debug] [2020-08-12T10:18:55.801Z] [runtime-status] [1880] Running checkAnswers in mode HTTPS {"metadata":{"emulator":{"name":"functions"},"function":{"name":"checkAnswers"},"message":"[runtime-status] [1880] Running checkAnswers in mode HTTPS"}}
[debug] [2020-08-12T10:18:55.806Z] [runtime-status] [1880] Attempting to listen to socketPath: \\?\pipe\C:\Users\Andrew\Documents\Js_Practice\react-quizee\functions\1880 {"metadata":{"emulator":{"name":"functions"},"function":{"name":"checkAnswers"},"message":"[runtime-status] [1880] Attempting to listen to socketPath: \\\\?\\pipe\\C:\\Users\\Andrew\\Documents\\Js_Practice\\react-quizee\\functions\\1880"}}
[debug] [2020-08-12T10:18:55.808Z] [functions] Runtime ready! Sending request! {"metadata":{"emulator":{"name":"functions"},"message":"[functions] Runtime ready! Sending request!"}}
[debug] [2020-08-12T10:18:55.835Z] [runtime-status] [1880] Ephemeral server handling GET request {"metadata":{"emulator":{"name":"functions"},"function":{"name":"checkAnswers"},"message":"[runtime-status] [1880] Ephemeral server handling GET request"}}
[info] >  quizeeId: -MDtfxU-wQUeZwmD-A2K {"user":"quizeeId: -MDtfxU-wQUeZwmD-A2K","metadata":{"emulator":{"name":"functions"},"function":{"name":"checkAnswers"},"message":"\u001b[90m> \u001b[39m quizeeId: -MDtfxU-wQUeZwmD-A2K"}}
[info] >  User answers: [ {"user":"User answers: [","metadata":{"emulator":{"name":"functions"},"function":{"name":"checkAnswers"},"message":"\u001b[90m> \u001b[39m User answers: ["}}
[info] >    'Library', {"user":"  'Library',","metadata":{"emulator":{"name":"functions"},"function":{"name":"checkAnswers"},"message":"\u001b[90m> \u001b[39m   'Library',"}}
[info] >    'useEffect', {"user":"  'useEffect',","metadata":{"emulator":{"name":"functions"},"function":{"name":"checkAnswers"},"message":"\u001b[90m> \u001b[39m   'useEffect',"}}
[info] >    [ {"user":"  [","metadata":{"emulator":{"name":"functions"},"function":{"name":"checkAnswers"},"message":"\u001b[90m> \u001b[39m   ["}}
[info] >      'You must include React in every component', {"user":"    'You must include React in every component',","metadata":{"emulator":{"name":"functions"},"function":{"name":"checkAnswers"},"message":"\u001b[90m> \u001b[39m     'You must include React in every component',"}}
[info] >      'You must return at most one element from React component' {"user":"    'You must return at most one element from React component'","metadata":{"emulator":{"name":"functions"},"function":{"name":"checkAnswers"},"message":"\u001b[90m> \u001b[39m     'You must return at most one element from React component'"}}
[info] >    ] {"user":"  ]","metadata":{"emulator":{"name":"functions"},"function":{"name":"checkAnswers"},"message":"\u001b[90m> \u001b[39m   ]"}}
[info] >  ] {"user":"]","metadata":{"emulator":{"name":"functions"},"function":{"name":"checkAnswers"},"message":"\u001b[90m> \u001b[39m ]"}}
[warn] !  functions: The Realtime Database emulator is not running, so calls to Realtime Database will affect production. {"metadata":{"emulator":{"name":"functions"},"function":{"name":"checkAnswers"},"message":"The Realtime Database emulator is not running, so calls to Realtime Database will affect production."}}
[info] >  quizee answers: [ {"user":"quizee answers: [","metadata":{"emulator":{"name":"functions"},"function":{"name":"checkAnswers"},"message":"\u001b[90m> \u001b[39m quizee answers: ["}}
[info] >    { answer: 'Library' }, {"user":"  { answer: 'Library' },","metadata":{"emulator":{"name":"functions"},"function":{"name":"checkAnswers"},"message":"\u001b[90m> \u001b[39m   { answer: 'Library' },"}}
[info] >    { answer: 'useEffect', config: { equalCase: true } }, {"user":"  { answer: 'useEffect', config: { equalCase: true } },","metadata":{"emulator":{"name":"functions"},"function":{"name":"checkAnswers"},"message":"\u001b[90m> \u001b[39m   { answer: 'useEffect', config: { equalCase: true } },"}}
[info] >    { {"user":"  {","metadata":{"emulator":{"name":"functions"},"function":{"name":"checkAnswers"},"message":"\u001b[90m> \u001b[39m   {"}}
[info] >      answer: [ {"user":"    answer: [","metadata":{"emulator":{"name":"functions"},"function":{"name":"checkAnswers"},"message":"\u001b[90m> \u001b[39m     answer: ["}}
[info] >        'You must include React in every component', {"user":"      'You must include React in every component',","metadata":{"emulator":{"name":"functions"},"function":{"name":"checkAnswers"},"message":"\u001b[90m> \u001b[39m       'You must include React in every component',"}}
[info] >        'You must return at most one element from React component' {"user":"      'You must return at most one element from React component'","metadata":{"emulator":{"name":"functions"},"function":{"name":"checkAnswers"},"message":"\u001b[90m> \u001b[39m       'You must return at most one element from React component'"}}
[info] >      ] {"user":"    ]","metadata":{"emulator":{"name":"functions"},"function":{"name":"checkAnswers"},"message":"\u001b[90m> \u001b[39m     ]"}}
[info] >    }, {"user":"  },","metadata":{"emulator":{"name":"functions"},"function":{"name":"checkAnswers"},"message":"\u001b[90m> \u001b[39m   },"}}
[info] >    { answer: 'Facebook' } {"user":"  { answer: 'Facebook' }","metadata":{"emulator":{"name":"functions"},"function":{"name":"checkAnswers"},"message":"\u001b[90m> \u001b[39m   { answer: 'Facebook' }"}}
[info] >  ] {"user":"]","metadata":{"emulator":{"name":"functions"},"function":{"name":"checkAnswers"},"message":"\u001b[90m> \u001b[39m ]"}}
[debug] [2020-08-12T10:18:57.085Z] [runtime-status] [1880] Ephemeral server survived. {"metadata":{"emulator":{"name":"functions"},"function":{"name":"checkAnswers"},"message":"[runtime-status] [1880] Ephemeral server survived."}}
[info] >  factor: 25 {"user":"factor: 25","metadata":{"emulator":{"name":"functions"},"function":{"name":"checkAnswers"},"message":"\u001b[90m> \u001b[39m factor: 25"}}
[info] >  config { equalCase: false } {"user":"config { equalCase: false }","metadata":{"emulator":{"name":"functions"},"function":{"name":"checkAnswers"},"message":"\u001b[90m> \u001b[39m config { equalCase: false }"}}
[info] >  config { equalCase: true } {"user":"config { equalCase: true }","metadata":{"emulator":{"name":"functions"},"function":{"name":"checkAnswers"},"message":"\u001b[90m> \u001b[39m config { equalCase: true }"}}
[info] >  config { equalCase: false } {"user":"config { equalCase: false }","metadata":{"emulator":{"name":"functions"},"function":{"name":"checkAnswers"},"message":"\u001b[90m> \u001b[39m config { equalCase: false }"}}
[info] >  config { equalCase: false } {"user":"config { equalCase: false }","metadata":{"emulator":{"name":"functions"},"function":{"name":"checkAnswers"},"message":"\u001b[90m> \u001b[39m config { equalCase: false }"}}
[info] >  Correctly answered: 3 index: 75 {"user":"Correctly answered: 3 index: 75","metadata":{"emulator":{"name":"functions"},"function":{"name":"checkAnswers"},"message":"\u001b[90m> \u001b[39m Correctly answered: 3 index: 75"}}
[info] i  functions: Finished "checkAnswers" in ~1s {"metadata":{"emulator":{"name":"functions"},"function":{"name":"checkAnswers"},"message":"Finished \"checkAnswers\" in ~1s"}}
[debug] [2020-08-12T10:18:57.099Z] [worker-checkAnswers-23595a62-9a77-49c1-9631-678b9f6cdfde]: IDLE {"metadata":{"emulator":{"name":"functions"},"message":"[worker-checkAnswers-23595a62-9a77-49c1-9631-678b9f6cdfde]: IDLE"}}
[debug] [2020-08-12T10:18:57.100Z] [work-queue] {"queueLength":0,"workRunningCount":0}
